<?xml version="1.0" encoding="UTF-8"?>
<!-- Generated by org.testng.reporters.JUnitReportReporter -->
<testsuite skipped="0" hostname="LAPTOP-0DTB49BH" name="com.usa.myrunner.MyRunner" tests="1" failures="0" timestamp="23 Mar 2020 19:02:25 GMT" time="28.643" errors="0">
  <testcase name="feature" time="28.643" classname="com.usa.myrunner.MyRunner"/>
</testsuite> <!-- com.usa.myrunner.MyRunner -->
