<?xml version="1.0" encoding="UTF-8"?>
<!-- Generated by org.testng.reporters.JUnitReportReporter -->
<testsuite skipped="0" hostname="LAPTOP-0DTB49BH" name="com.usa.logintest.LoginTest" tests="1" failures="0" timestamp="14 Mar 2020 23:07:28 GMT" time="16.879" errors="0">
  <testcase name="loginPageTitleTest" time="16.879" classname="com.usa.logintest.LoginTest"/>
</testsuite> <!-- com.usa.logintest.LoginTest -->
